# JRE version: Java(TM) SE Runtime Environment (17.0.12+8) (build 17.0.12+8-LTS-286)
# Java VM: Java HotSpot(TM) 64-Bit Server VM (17.0.12+8-LTS-286, mixed mode, sharing, tiered, compressed oops, compressed class ptrs, g1 gc, windows-amd64)
GC Precious Log:
 CPUs: 16 total, 16 available
 Memory: 16122M
 Large Page Support: Disabled
 NUMA Support: Disabled
 Compressed Oops: Enabled (32-bit)
 Heap Region Size: 1M
 Heap Min Capacity: 8M
 Heap Initial Capacity: 252M
 Heap Max Capacity: 2G
 Pre-touch: Disabled
 Parallel Workers: 13
 Concurrent Workers: 3
 Concurrent Refinement Workers: 13
 Periodic GC: Disabled
Heap:
 garbage-first heap   total 220160K, used 135394K [0x0000000080000000, 0x0000000100000000)
  region size 1024K, 29 young (29696K), 7 survivors (7168K)
 Metaspace       used 91264K, committed 92288K, reserved 557056K
  class space    used 12581K, committed 13056K, reserved 425984K
GC Heap History (20 events):
Event: 26.594 GC heap before
{Heap before GC invocations=46 (full 0):
 garbage-first heap   total 128000K, used 104241K [0x0000000080000000, 0x0000000100000000)
  region size 1024K, 19 young (19456K), 3 survivors (3072K)
 Metaspace       used 74545K, committed 75520K, reserved 491520K
  class space    used 10453K, committed 10944K, reserved 425984K
}
Event: 26.597 GC heap after
{Heap after GC invocations=47 (full 0):
 garbage-first heap   total 165888K, used 89682K [0x0000000080000000, 0x0000000100000000)
  region size 1024K, 3 young (3072K), 3 survivors (3072K)
 Metaspace       used 74545K, committed 75520K, reserved 491520K
  class space    used 10453K, committed 10944K, reserved 425984K
}
Event: 26.753 GC heap before
{Heap before GC invocations=47 (full 0):
 garbage-first heap   total 165888K, used 129618K [0x0000000080000000, 0x0000000100000000)
  region size 1024K, 43 young (44032K), 3 survivors (3072K)
 Metaspace       used 74560K, committed 75520K, reserved 491520K
  class space    used 10453K, committed 10944K, reserved 425984K
}
Event: 26.758 GC heap after
{Heap after GC invocations=48 (full 0):
 garbage-first heap   total 165888K, used 90751K [0x0000000080000000, 0x0000000100000000)
  region size 1024K, 5 young (5120K), 5 survivors (5120K)
 Metaspace       used 74560K, committed 75520K, reserved 491520K
  class space    used 10453K, committed 10944K, reserved 425984K
}
Event: 26.905 GC heap before
{Heap before GC invocations=48 (full 0):
 garbage-first heap   total 165888K, used 130687K [0x0000000080000000, 0x0000000100000000)
  region size 1024K, 45 young (46080K), 5 survivors (5120K)
 Metaspace       used 74563K, committed 75520K, reserved 491520K
  class space    used 10453K, committed 10944K, reserved 425984K
}
Event: 26.909 GC heap after
{Heap after GC invocations=49 (full 0):
 garbage-first heap   total 165888K, used 91603K [0x0000000080000000, 0x0000000100000000)
  region size 1024K, 4 young (4096K), 4 survivors (4096K)
 Metaspace       used 74563K, committed 75520K, reserved 491520K
  class space    used 10453K, committed 10944K, reserved 425984K
}
Event: 27.393 GC heap before
{Heap before GC invocations=49 (full 0):
 garbage-first heap   total 165888K, used 136659K [0x0000000080000000, 0x0000000100000000)
  region size 1024K, 45 young (46080K), 4 survivors (4096K)
 Metaspace       used 74590K, committed 75520K, reserved 491520K
  class space    used 10456K, committed 10944K, reserved 425984K
}
Event: 27.398 GC heap after
{Heap after GC invocations=50 (full 0):
 garbage-first heap   total 165888K, used 99833K [0x0000000080000000, 0x0000000100000000)
  region size 1024K, 6 young (6144K), 6 survivors (6144K)
 Metaspace       used 74590K, committed 75520K, reserved 491520K
  class space    used 10456K, committed 10944K, reserved 425984K
}
Event: 28.248 GC heap before
{Heap before GC invocations=50 (full 0):
 garbage-first heap   total 165888K, used 135673K [0x0000000080000000, 0x0000000100000000)
  region size 1024K, 39 young (39936K), 6 survivors (6144K)
 Metaspace       used 76550K, committed 77504K, reserved 557056K
  class space    used 10703K, committed 11200K, reserved 425984K
}
Event: 28.253 GC heap after
{Heap after GC invocations=51 (full 0):
 garbage-first heap   total 165888K, used 105484K [0x0000000080000000, 0x0000000100000000)
  region size 1024K, 4 young (4096K), 4 survivors (4096K)
 Metaspace       used 76550K, committed 77504K, reserved 557056K
  class space    used 10703K, committed 11200K, reserved 425984K
}
Event: 28.920 GC heap before
{Heap before GC invocations=52 (full 0):
 garbage-first heap   total 183296K, used 133132K [0x0000000080000000, 0x0000000100000000)
  region size 1024K, 32 young (32768K), 4 survivors (4096K)
 Metaspace       used 78994K, committed 80000K, reserved 557056K
  class space    used 10976K, committed 11456K, reserved 425984K
}
Event: 28.923 GC heap after
{Heap after GC invocations=53 (full 0):
 garbage-first heap   total 183296K, used 105967K [0x0000000080000000, 0x0000000100000000)
  region size 1024K, 1 young (1024K), 1 survivors (1024K)
 Metaspace       used 78994K, committed 80000K, reserved 557056K
  class space    used 10976K, committed 11456K, reserved 425984K
}
Event: 29.103 GC heap before
{Heap before GC invocations=53 (full 0):
 garbage-first heap   total 183296K, used 113135K [0x0000000080000000, 0x0000000100000000)
  region size 1024K, 8 young (8192K), 1 survivors (1024K)
 Metaspace       used 79355K, committed 80384K, reserved 557056K
  class space    used 11021K, committed 11520K, reserved 425984K
}
Event: 29.108 GC heap after
{Heap after GC invocations=54 (full 0):
 garbage-first heap   total 183296K, used 97699K [0x0000000080000000, 0x0000000100000000)
  region size 1024K, 1 young (1024K), 1 survivors (1024K)
 Metaspace       used 79355K, committed 80384K, reserved 557056K
  class space    used 11021K, committed 11520K, reserved 425984K
}
Event: 30.155 GC heap before
{Heap before GC invocations=54 (full 0):
 garbage-first heap   total 183296K, used 154019K [0x0000000080000000, 0x0000000100000000)
  region size 1024K, 51 young (52224K), 1 survivors (1024K)
 Metaspace       used 82899K, committed 83904K, reserved 557056K
  class space    used 11467K, committed 11968K, reserved 425984K
}
Event: 30.179 GC heap after
{Heap after GC invocations=55 (full 0):
 garbage-first heap   total 220160K, used 103744K [0x0000000080000000, 0x0000000100000000)
  region size 1024K, 6 young (6144K), 6 survivors (6144K)
 Metaspace       used 82899K, committed 83904K, reserved 557056K
  class space    used 11467K, committed 11968K, reserved 425984K
}
Event: 32.893 GC heap before
{Heap before GC invocations=55 (full 0):
 garbage-first heap   total 220160K, used 179520K [0x0000000080000000, 0x0000000100000000)
  region size 1024K, 77 young (78848K), 6 survivors (6144K)
 Metaspace       used 88009K, committed 89024K, reserved 557056K
  class space    used 12132K, committed 12608K, reserved 425984K
}
Event: 32.897 GC heap after
{Heap after GC invocations=56 (full 0):
 garbage-first heap   total 220160K, used 109877K [0x0000000080000000, 0x0000000100000000)
  region size 1024K, 3 young (3072K), 3 survivors (3072K)
 Metaspace       used 88009K, committed 89024K, reserved 557056K
  class space    used 12132K, committed 12608K, reserved 425984K
}
Event: 35.231 GC heap before
{Heap before GC invocations=56 (full 0):
 garbage-first heap   total 220160K, used 180533K [0x0000000080000000, 0x0000000100000000)
  region size 1024K, 72 young (73728K), 3 survivors (3072K)
 Metaspace       used 90801K, committed 91776K, reserved 557056K
  class space    used 12522K, committed 12992K, reserved 425984K
}
Event: 35.236 GC heap after
{Heap after GC invocations=57 (full 0):
 garbage-first heap   total 220160K, used 113890K [0x0000000080000000, 0x0000000100000000)
  region size 1024K, 7 young (7168K), 7 survivors (7168K)
 Metaspace       used 90801K, committed 91776K, reserved 557056K
  class space    used 12522K, committed 12992K, reserved 425984K
}

